
Date: 09 Oct 2022
Time: 21:10:45
Name: Test
Phone: +31622006321
Message: Hi there
-------------------------

Date: 09 Oct 2022
Time: 21:10:45
Name: test
Phone: +316xxxxxxxx
Message: hi there
-------------------------

Date: 09 Oct 2022
Time: 21:10:45
Name: test
Phone: +316xxxxxxxx
Message: hi there
-------------------------

Date: 09 Oct 2022
Time: 21:10:45
Name: test
Phone: +31622006321
Message: Sent from other device
-------------------------

Date: 09 Oct 2022
Time: 21:10:45
Name: test
Phone: +31622006321
Message: Sent from other device
-------------------------
